{"timestamp": "2025-07-24T14:34:54.387817", "level": "INFO", "logger": "logger.logging_config", "message": "‚úÖ Syst√®me de logging initialis√© avec succ√®s", "module": "logging_config", "function": "setup_logging", "line": 181}
{"timestamp": "2025-07-24T14:40:11.544355", "level": "INFO", "logger": "logger.logging_config", "message": "‚úÖ Syst√®me de logging initialis√© avec succ√®s", "module": "logging_config", "function": "setup_logging", "line": 181}
{"timestamp": "2025-07-24T14:40:11.554879", "level": "INFO", "logger": "uvicorn.error", "message": "Started server process [8816]", "module": "server", "function": "_serve", "line": 84}
{"timestamp": "2025-07-24T14:40:11.555882", "level": "INFO", "logger": "uvicorn.error", "message": "Waiting for application startup.", "module": "on", "function": "startup", "line": 48}
{"timestamp": "2025-07-24T14:40:11.558471", "level": "INFO", "logger": "api_fast.main", "message": "üöÄ D√©marrage de l'API House Price Prediction", "module": "main", "function": "lifespan", "line": 30}
{"timestamp": "2025-07-24T14:40:11.560561", "level": "ERROR", "logger": "api_fast.model", "message": "‚ùå Erreur lors du chargement du mod√®le: 'Settings' object has no attribute 'MODEL_PATH'", "module": "model", "function": "load_model", "line": 63}
{"timestamp": "2025-07-24T14:40:11.561565", "level": "INFO", "logger": "api_fast.main", "message": "‚úÖ Mod√®le charg√© avec succ√®s", "module": "main", "function": "lifespan", "line": 34}
{"timestamp": "2025-07-24T14:40:11.563556", "level": "INFO", "logger": "uvicorn.error", "message": "Application startup complete.", "module": "on", "function": "startup", "line": 62}
{"timestamp": "2025-07-24T14:47:33.761296", "level": "INFO", "logger": "uvicorn.error", "message": "Shutting down", "module": "server", "function": "shutdown", "line": 264}
{"timestamp": "2025-07-24T14:47:33.907306", "level": "INFO", "logger": "uvicorn.error", "message": "Waiting for application shutdown.", "module": "on", "function": "shutdown", "line": 67}
{"timestamp": "2025-07-24T14:47:33.926572", "level": "INFO", "logger": "api_fast.main", "message": "üõë Arr√™t de l'API", "module": "main", "function": "lifespan", "line": 42}
{"timestamp": "2025-07-24T14:47:33.939153", "level": "INFO", "logger": "uvicorn.error", "message": "Application shutdown complete.", "module": "on", "function": "shutdown", "line": 76}
{"timestamp": "2025-07-24T14:47:33.943190", "level": "INFO", "logger": "uvicorn.error", "message": "Finished server process [8816]", "module": "server", "function": "_serve", "line": 94}
{"timestamp": "2025-07-24T14:47:40.930298", "level": "INFO", "logger": "logger.logging_config", "message": "‚úÖ Syst√®me de logging initialis√© avec succ√®s", "module": "logging_config", "function": "setup_logging", "line": 181}
{"timestamp": "2025-07-24T14:47:40.942355", "level": "INFO", "logger": "uvicorn.error", "message": "Started server process [11408]", "module": "server", "function": "_serve", "line": 84}
{"timestamp": "2025-07-24T14:47:40.942355", "level": "INFO", "logger": "uvicorn.error", "message": "Waiting for application startup.", "module": "on", "function": "startup", "line": 48}
{"timestamp": "2025-07-24T14:47:40.944365", "level": "INFO", "logger": "api_fast.main", "message": "üöÄ D√©marrage de l'API House Price Prediction", "module": "main", "function": "lifespan", "line": 30}
{"timestamp": "2025-07-24T14:47:40.948435", "level": "ERROR", "logger": "api_fast.model", "message": "‚ùå Erreur lors du chargement du mod√®le: Mod√®le non trouv√© √†: ./model/models/house_price_model.pkl", "module": "model", "function": "load_model", "line": 63}
{"timestamp": "2025-07-24T14:47:40.951437", "level": "INFO", "logger": "api_fast.main", "message": "‚úÖ Mod√®le charg√© avec succ√®s", "module": "main", "function": "lifespan", "line": 34}
{"timestamp": "2025-07-24T14:47:40.954435", "level": "INFO", "logger": "uvicorn.error", "message": "Application startup complete.", "module": "on", "function": "startup", "line": 62}
{"timestamp": "2025-07-24T14:47:41.369123", "level": "ERROR", "logger": "uvicorn.error", "message": "Traceback (most recent call last):\n  File \"C:\\Program Files\\Python311\\Lib\\asyncio\\runners.py\", line 118, in run\n    return self._loop.run_until_complete(task)\n           ^^^^^^^^^^^^^^^^^^^^^^^^^^^^^^^^^^^\n  File \"C:\\Program Files\\Python311\\Lib\\asyncio\\base_events.py\", line 654, in run_until_complete\n    return future.result()\n           ^^^^^^^^^^^^^^^\nasyncio.exceptions.CancelledError\n\nDuring handling of the above exception, another exception occurred:\n\nTraceback (most recent call last):\n  File \"C:\\Program Files\\Python311\\Lib\\asyncio\\runners.py\", line 190, in run\n    return runner.run(main)\n           ^^^^^^^^^^^^^^^^\n  File \"C:\\Program Files\\Python311\\Lib\\asyncio\\runners.py\", line 123, in run\n    raise KeyboardInterrupt()\nKeyboardInterrupt\n\nDuring handling of the above exception, another exception occurred:\n\nTraceback (most recent call last):\n  File \"c:\\Users\\MSI\\Documents\\Master2\\mdsia_mdsylla\\Examen_mlops\\.venv\\Lib\\site-packages\\starlette\\routing.py\", line 701, in lifespan\n    await receive()\n  File \"c:\\Users\\MSI\\Documents\\Master2\\mdsia_mdsylla\\Examen_mlops\\.venv\\Lib\\site-packages\\uvicorn\\lifespan\\on.py\", line 137, in receive\n    return await self.receive_queue.get()\n           ^^^^^^^^^^^^^^^^^^^^^^^^^^^^^^\n  File \"C:\\Program Files\\Python311\\Lib\\asyncio\\queues.py\", line 158, in get\n    await getter\nasyncio.exceptions.CancelledError\n", "module": "on", "function": "send", "line": 134}
{"timestamp": "2025-07-24T14:47:48.174186", "level": "INFO", "logger": "logger.logging_config", "message": "‚úÖ Syst√®me de logging initialis√© avec succ√®s", "module": "logging_config", "function": "setup_logging", "line": 181}
{"timestamp": "2025-07-24T14:47:48.181724", "level": "INFO", "logger": "uvicorn.error", "message": "Started server process [5456]", "module": "server", "function": "_serve", "line": 84}
{"timestamp": "2025-07-24T14:47:48.183735", "level": "INFO", "logger": "uvicorn.error", "message": "Waiting for application startup.", "module": "on", "function": "startup", "line": 48}
{"timestamp": "2025-07-24T14:47:48.185707", "level": "INFO", "logger": "api_fast.main", "message": "üöÄ D√©marrage de l'API House Price Prediction", "module": "main", "function": "lifespan", "line": 30}
{"timestamp": "2025-07-24T14:47:48.187719", "level": "ERROR", "logger": "api_fast.model", "message": "‚ùå Erreur lors du chargement du mod√®le: Mod√®le non trouv√© √†: ./model/models/house_price_model.pkl", "module": "model", "function": "load_model", "line": 63}
{"timestamp": "2025-07-24T14:47:48.188720", "level": "INFO", "logger": "api_fast.main", "message": "‚úÖ Mod√®le charg√© avec succ√®s", "module": "main", "function": "lifespan", "line": 34}
{"timestamp": "2025-07-24T14:47:48.189832", "level": "INFO", "logger": "uvicorn.error", "message": "Application startup complete.", "module": "on", "function": "startup", "line": 62}
{"timestamp": "2025-07-24T14:51:04.194986", "level": "INFO", "logger": "uvicorn.error", "message": "Shutting down", "module": "server", "function": "shutdown", "line": 264}
{"timestamp": "2025-07-24T14:51:04.377867", "level": "INFO", "logger": "uvicorn.error", "message": "Waiting for application shutdown.", "module": "on", "function": "shutdown", "line": 67}
{"timestamp": "2025-07-24T14:51:04.398223", "level": "INFO", "logger": "api_fast.main", "message": "üõë Arr√™t de l'API", "module": "main", "function": "lifespan", "line": 42}
{"timestamp": "2025-07-24T14:51:04.415583", "level": "INFO", "logger": "uvicorn.error", "message": "Application shutdown complete.", "module": "on", "function": "shutdown", "line": 76}
{"timestamp": "2025-07-24T14:51:04.423251", "level": "INFO", "logger": "uvicorn.error", "message": "Finished server process [5456]", "module": "server", "function": "_serve", "line": 94}
{"timestamp": "2025-07-24T14:51:10.066430", "level": "INFO", "logger": "logger.logging_config", "message": "‚úÖ Syst√®me de logging initialis√© avec succ√®s", "module": "logging_config", "function": "setup_logging", "line": 181}
{"timestamp": "2025-07-24T14:51:10.078085", "level": "INFO", "logger": "uvicorn.error", "message": "Started server process [16340]", "module": "server", "function": "_serve", "line": 84}
{"timestamp": "2025-07-24T14:51:10.080105", "level": "INFO", "logger": "uvicorn.error", "message": "Waiting for application startup.", "module": "on", "function": "startup", "line": 48}
{"timestamp": "2025-07-24T14:51:10.082117", "level": "INFO", "logger": "api_fast.main", "message": "üöÄ D√©marrage de l'API House Price Prediction", "module": "main", "function": "lifespan", "line": 30}
{"timestamp": "2025-07-24T14:51:27.705490", "level": "INFO", "logger": "api_fast.model", "message": "‚úÖ Mod√®le charg√© avec succ√®s depuis: ./models/house_price_model.pkl", "module": "model", "function": "load_model", "line": 57}
{"timestamp": "2025-07-24T14:51:27.707496", "level": "INFO", "logger": "api_fast.model", "message": "Type de mod√®le: Pipeline", "module": "model", "function": "load_model", "line": 58}
{"timestamp": "2025-07-24T14:51:27.709488", "level": "INFO", "logger": "api_fast.main", "message": "‚úÖ Mod√®le charg√© avec succ√®s", "module": "main", "function": "lifespan", "line": 34}
{"timestamp": "2025-07-24T14:51:27.710487", "level": "INFO", "logger": "uvicorn.error", "message": "Application startup complete.", "module": "on", "function": "startup", "line": 62}
{"timestamp": "2025-07-24T14:51:27.724877", "level": "ERROR", "logger": "uvicorn.error", "message": "Traceback (most recent call last):\n  File \"C:\\Program Files\\Python311\\Lib\\asyncio\\runners.py\", line 118, in run\n    return self._loop.run_until_complete(task)\n           ^^^^^^^^^^^^^^^^^^^^^^^^^^^^^^^^^^^\n  File \"C:\\Program Files\\Python311\\Lib\\asyncio\\base_events.py\", line 654, in run_until_complete\n    return future.result()\n           ^^^^^^^^^^^^^^^\nasyncio.exceptions.CancelledError\n\nDuring handling of the above exception, another exception occurred:\n\nTraceback (most recent call last):\n  File \"C:\\Program Files\\Python311\\Lib\\asyncio\\runners.py\", line 190, in run\n    return runner.run(main)\n           ^^^^^^^^^^^^^^^^\n  File \"C:\\Program Files\\Python311\\Lib\\asyncio\\runners.py\", line 123, in run\n    raise KeyboardInterrupt()\nKeyboardInterrupt\n\nDuring handling of the above exception, another exception occurred:\n\nTraceback (most recent call last):\n  File \"c:\\Users\\MSI\\Documents\\Master2\\mdsia_mdsylla\\Examen_mlops\\.venv\\Lib\\site-packages\\starlette\\routing.py\", line 701, in lifespan\n    await receive()\n  File \"c:\\Users\\MSI\\Documents\\Master2\\mdsia_mdsylla\\Examen_mlops\\.venv\\Lib\\site-packages\\uvicorn\\lifespan\\on.py\", line 137, in receive\n    return await self.receive_queue.get()\n           ^^^^^^^^^^^^^^^^^^^^^^^^^^^^^^\n  File \"C:\\Program Files\\Python311\\Lib\\asyncio\\queues.py\", line 158, in get\n    await getter\nasyncio.exceptions.CancelledError\n", "module": "on", "function": "send", "line": 134}
{"timestamp": "2025-07-24T14:51:31.294600", "level": "INFO", "logger": "logger.logging_config", "message": "‚úÖ Syst√®me de logging initialis√© avec succ√®s", "module": "logging_config", "function": "setup_logging", "line": 181}
{"timestamp": "2025-07-24T14:51:31.306312", "level": "INFO", "logger": "uvicorn.error", "message": "Started server process [11468]", "module": "server", "function": "_serve", "line": 84}
{"timestamp": "2025-07-24T14:51:31.308323", "level": "INFO", "logger": "uvicorn.error", "message": "Waiting for application startup.", "module": "on", "function": "startup", "line": 48}
{"timestamp": "2025-07-24T14:51:31.310493", "level": "INFO", "logger": "api_fast.main", "message": "üöÄ D√©marrage de l'API House Price Prediction", "module": "main", "function": "lifespan", "line": 30}
{"timestamp": "2025-07-24T14:51:33.815283", "level": "INFO", "logger": "api_fast.model", "message": "‚úÖ Mod√®le charg√© avec succ√®s depuis: ./models/house_price_model.pkl", "module": "model", "function": "load_model", "line": 57}
{"timestamp": "2025-07-24T14:51:33.817280", "level": "INFO", "logger": "api_fast.model", "message": "Type de mod√®le: Pipeline", "module": "model", "function": "load_model", "line": 58}
{"timestamp": "2025-07-24T14:51:33.819751", "level": "INFO", "logger": "api_fast.main", "message": "‚úÖ Mod√®le charg√© avec succ√®s", "module": "main", "function": "lifespan", "line": 34}
{"timestamp": "2025-07-24T14:51:33.825975", "level": "INFO", "logger": "uvicorn.error", "message": "Application startup complete.", "module": "on", "function": "startup", "line": 62}
{"timestamp": "2025-07-24T14:51:36.656319", "level": "INFO", "logger": "uvicorn.error", "message": "Shutting down", "module": "server", "function": "shutdown", "line": 264}
{"timestamp": "2025-07-24T14:51:36.766161", "level": "INFO", "logger": "uvicorn.error", "message": "Waiting for application shutdown.", "module": "on", "function": "shutdown", "line": 67}
{"timestamp": "2025-07-24T14:51:36.768175", "level": "INFO", "logger": "api_fast.main", "message": "üõë Arr√™t de l'API", "module": "main", "function": "lifespan", "line": 42}
{"timestamp": "2025-07-24T14:51:36.768175", "level": "INFO", "logger": "uvicorn.error", "message": "Application shutdown complete.", "module": "on", "function": "shutdown", "line": 76}
{"timestamp": "2025-07-24T14:51:36.770190", "level": "INFO", "logger": "uvicorn.error", "message": "Finished server process [11468]", "module": "server", "function": "_serve", "line": 94}
{"timestamp": "2025-07-24T14:51:43.445993", "level": "INFO", "logger": "logger.logging_config", "message": "‚úÖ Syst√®me de logging initialis√© avec succ√®s", "module": "logging_config", "function": "setup_logging", "line": 181}
{"timestamp": "2025-07-24T14:51:43.457201", "level": "INFO", "logger": "uvicorn.error", "message": "Started server process [9540]", "module": "server", "function": "_serve", "line": 84}
{"timestamp": "2025-07-24T14:51:43.459220", "level": "INFO", "logger": "uvicorn.error", "message": "Waiting for application startup.", "module": "on", "function": "startup", "line": 48}
{"timestamp": "2025-07-24T14:51:43.462435", "level": "INFO", "logger": "api_fast.main", "message": "üöÄ D√©marrage de l'API House Price Prediction", "module": "main", "function": "lifespan", "line": 30}
{"timestamp": "2025-07-24T14:51:46.250506", "level": "INFO", "logger": "api_fast.model", "message": "‚úÖ Mod√®le charg√© avec succ√®s depuis: ./models/house_price_model.pkl", "module": "model", "function": "load_model", "line": 57}
{"timestamp": "2025-07-24T14:51:46.252532", "level": "INFO", "logger": "api_fast.model", "message": "Type de mod√®le: Pipeline", "module": "model", "function": "load_model", "line": 58}
{"timestamp": "2025-07-24T14:51:46.252532", "level": "INFO", "logger": "api_fast.main", "message": "‚úÖ Mod√®le charg√© avec succ√®s", "module": "main", "function": "lifespan", "line": 34}
{"timestamp": "2025-07-24T14:51:46.254542", "level": "INFO", "logger": "uvicorn.error", "message": "Application startup complete.", "module": "on", "function": "startup", "line": 62}
